c:\users\jess smith\src\cs2450-2024\cs2450\cs2450\uvsim-qt\build\vs2022\uvsim-qt.dir\release\mocs_compilation_release.obj
c:\users\jess smith\src\cs2450-2024\cs2450\cs2450\uvsim-qt\build\vs2022\uvsim-qt.dir\release\uvsimcontrol.obj
c:\users\jess smith\src\cs2450-2024\cs2450\cs2450\uvsim-qt\build\vs2022\uvsim-qt.dir\release\uvsimarithmetic.obj
c:\users\jess smith\src\cs2450-2024\cs2450\cs2450\uvsim-qt\build\vs2022\uvsim-qt.dir\release\uvsimio.obj
c:\users\jess smith\src\cs2450-2024\cs2450\cs2450\uvsim-qt\build\vs2022\uvsim-qt.dir\release\uvsim.obj
c:\users\jess smith\src\cs2450-2024\cs2450\cs2450\uvsim-qt\build\vs2022\uvsim-qt.dir\release\mainwindow.obj
c:\users\jess smith\src\cs2450-2024\cs2450\cs2450\uvsim-qt\build\vs2022\uvsim-qt.dir\release\main.obj
c:\users\jess smith\src\cs2450-2024\cs2450\cs2450\uvsim-qt\build\vs2022\uvsim-qt_autogen\autouic_release.stamp
c:\users\jess smith\src\cs2450-2024\cs2450\cs2450\uvsim-qt\build\vs2022\cmakefiles\generate.stamp
c:\users\jess smith\src\cs2450-2024\cs2450\cs2450\uvsim-qt\build\vs2022\release\uvsim-qt.exe
c:\users\jess smith\src\cs2450-2024\cs2450\cs2450\uvsim-qt\build\vs2022\uvsim-qt.dir\release\uvsim-qt.tlog\cl.command.1.tlog
c:\users\jess smith\src\cs2450-2024\cs2450\cs2450\uvsim-qt\build\vs2022\uvsim-qt.dir\release\uvsim-qt.tlog\cl.items.tlog
c:\users\jess smith\src\cs2450-2024\cs2450\cs2450\uvsim-qt\build\vs2022\uvsim-qt.dir\release\uvsim-qt.tlog\cl.read.1.tlog
c:\users\jess smith\src\cs2450-2024\cs2450\cs2450\uvsim-qt\build\vs2022\uvsim-qt.dir\release\uvsim-qt.tlog\cl.write.1.tlog
c:\users\jess smith\src\cs2450-2024\cs2450\cs2450\uvsim-qt\build\vs2022\uvsim-qt.dir\release\uvsim-qt.tlog\custombuild.command.1.tlog
c:\users\jess smith\src\cs2450-2024\cs2450\cs2450\uvsim-qt\build\vs2022\uvsim-qt.dir\release\uvsim-qt.tlog\custombuild.read.1.tlog
c:\users\jess smith\src\cs2450-2024\cs2450\cs2450\uvsim-qt\build\vs2022\uvsim-qt.dir\release\uvsim-qt.tlog\custombuild.write.1.tlog
c:\users\jess smith\src\cs2450-2024\cs2450\cs2450\uvsim-qt\build\vs2022\uvsim-qt.dir\release\uvsim-qt.tlog\link.command.1.tlog
c:\users\jess smith\src\cs2450-2024\cs2450\cs2450\uvsim-qt\build\vs2022\uvsim-qt.dir\release\uvsim-qt.tlog\link.read.1.tlog
c:\users\jess smith\src\cs2450-2024\cs2450\cs2450\uvsim-qt\build\vs2022\uvsim-qt.dir\release\uvsim-qt.tlog\link.secondary.1.tlog
c:\users\jess smith\src\cs2450-2024\cs2450\cs2450\uvsim-qt\build\vs2022\uvsim-qt.dir\release\uvsim-qt.tlog\link.write.1.tlog
