c:\users\jess smith\src\cs2450-2024\cs2450\cs2450\uvsim-qt\build\vs2022\uvsim-qt.dir\debug\vc143.pdb
c:\users\jess smith\src\cs2450-2024\cs2450\cs2450\uvsim-qt\build\vs2022\uvsim-qt.dir\debug\uvsimcontrol.obj
c:\users\jess smith\src\cs2450-2024\cs2450\cs2450\uvsim-qt\build\vs2022\uvsim-qt.dir\debug\uvsimarithmetic.obj
c:\users\jess smith\src\cs2450-2024\cs2450\cs2450\uvsim-qt\build\vs2022\uvsim-qt.dir\debug\uvsimio.obj
c:\users\jess smith\src\cs2450-2024\cs2450\cs2450\uvsim-qt\build\vs2022\uvsim-qt.dir\debug\uvsim.obj
c:\users\jess smith\src\cs2450-2024\cs2450\cs2450\uvsim-qt\build\vs2022\uvsim-qt.dir\debug\mainwindow.obj
c:\users\jess smith\src\cs2450-2024\cs2450\cs2450\uvsim-qt\build\vs2022\uvsim-qt.dir\debug\main.obj
c:\users\jess smith\src\cs2450-2024\cs2450\cs2450\uvsim-qt\build\vs2022\uvsim-qt.dir\debug\mocs_compilation_debug.obj
c:\users\jess smith\src\cs2450-2024\cs2450\cs2450\uvsim-qt\build\vs2022\uvsim-qt_autogen\autouic_debug.stamp
c:\users\jess smith\src\cs2450-2024\cs2450\cs2450\uvsim-qt\build\vs2022\cmakefiles\generate.stamp
c:\users\jess smith\src\cs2450-2024\cs2450\cs2450\uvsim-qt\build\vs2022\debug\uvsim-qt.exe
c:\users\jess smith\src\cs2450-2024\cs2450\cs2450\uvsim-qt\build\vs2022\debug\uvsim-qt.pdb
c:\users\jess smith\src\cs2450-2024\cs2450\cs2450\uvsim-qt\build\vs2022\uvsim-qt.dir\debug\uvsim-qt.ilk
c:\users\jess smith\src\cs2450-2024\cs2450\cs2450\uvsim-qt\build\vs2022\uvsim-qt.dir\debug\uvsim-qt.tlog\cl.command.1.tlog
c:\users\jess smith\src\cs2450-2024\cs2450\cs2450\uvsim-qt\build\vs2022\uvsim-qt.dir\debug\uvsim-qt.tlog\cl.items.tlog
c:\users\jess smith\src\cs2450-2024\cs2450\cs2450\uvsim-qt\build\vs2022\uvsim-qt.dir\debug\uvsim-qt.tlog\cl.read.1.tlog
c:\users\jess smith\src\cs2450-2024\cs2450\cs2450\uvsim-qt\build\vs2022\uvsim-qt.dir\debug\uvsim-qt.tlog\cl.write.1.tlog
c:\users\jess smith\src\cs2450-2024\cs2450\cs2450\uvsim-qt\build\vs2022\uvsim-qt.dir\debug\uvsim-qt.tlog\custombuild.command.1.tlog
c:\users\jess smith\src\cs2450-2024\cs2450\cs2450\uvsim-qt\build\vs2022\uvsim-qt.dir\debug\uvsim-qt.tlog\custombuild.read.1.tlog
c:\users\jess smith\src\cs2450-2024\cs2450\cs2450\uvsim-qt\build\vs2022\uvsim-qt.dir\debug\uvsim-qt.tlog\custombuild.write.1.tlog
c:\users\jess smith\src\cs2450-2024\cs2450\cs2450\uvsim-qt\build\vs2022\uvsim-qt.dir\debug\uvsim-qt.tlog\link.command.1.tlog
c:\users\jess smith\src\cs2450-2024\cs2450\cs2450\uvsim-qt\build\vs2022\uvsim-qt.dir\debug\uvsim-qt.tlog\link.read.1.tlog
c:\users\jess smith\src\cs2450-2024\cs2450\cs2450\uvsim-qt\build\vs2022\uvsim-qt.dir\debug\uvsim-qt.tlog\link.secondary.1.tlog
c:\users\jess smith\src\cs2450-2024\cs2450\cs2450\uvsim-qt\build\vs2022\uvsim-qt.dir\debug\uvsim-qt.tlog\link.write.1.tlog
